<?xml version="1.0" encoding="UTF-8"?>
<testsuite name="com.bl.demo.ArithmeticTest" tests="4" skipped="0" failures="0" errors="0" timestamp="2020-04-20T13:59:13" hostname="DESKTOP-7FI47GB" time="0.01">
  <properties/>
  <testcase name="given_TwoNumber_WhenMul_ReturnMultiplication" classname="com.bl.demo.ArithmeticTest" time="0.003"/>
  <testcase name="given_TwoNumber_WhenSub_ReturnSubtraction" classname="com.bl.demo.ArithmeticTest" time="0.0"/>
  <testcase name="given_TwoNumber_WhenAdd_ReturnAddition" classname="com.bl.demo.ArithmeticTest" time="0.0"/>
  <testcase name="given_TwoNumber_WhenDiv_ReturnDivision" classname="com.bl.demo.ArithmeticTest" time="0.001"/>
  <system-out><![CDATA[]]></system-out>
  <system-err><![CDATA[]]></system-err>
</testsuite>
